<?xml version="1.0" encoding="utf-8"?>
<testsuites name="3CCFGCLI Test Results" tests="7" failures="0" errors="0" skipped="0" time="0.0">
	<testsuite name="BUILD" tests="7" errors="0" failures="0" skipped="0" time="0">
		<properties>
			<property name="header_id" value="BLD0xx"/>
		</properties>
		<testcase name="bld001: Assemble 3CCFGCLI hardware binary" classname="BUILD">
			<properties>
				<property name="description" value="Assemble 3CCFGCLI hardware binary"/>
				<property name="artifact" value="ARTIFACT/BLD001.LOG"/>
			</properties>
		</testcase>
		<testcase name="bld002: Link 3CCFGCLI hardware binary" classname="BUILD">
			<properties>
				<property name="description" value="Link 3CCFGCLI hardware binary"/>
				<property name="artifact" value="ARTIFACT/BLD002.LOG"/>
			</properties>
		</testcase>
		<testcase name="bld003: Optional: Compress 3CCFGCLI hardware binary with PKLITE" classname="BUILD">
			<properties>
				<property name="description" value="Optional: Compress 3CCFGCLI hardware binary with PKLITE"/>
				<property name="artifact" value="ARTIFACT/BLD003.LOG"/>
			</properties>
		</testcase>
		<testcase name="bld004: Assemble 3CHWMOCK binary" classname="BUILD">
			<properties>
				<property name="description" value="Assemble 3CHWMOCK binary"/>
				<property name="artifact" value="ARTIFACT/BLD004.LOG"/>
			</properties>
		</testcase>
		<testcase name="bld005: Link 3CHWMOCK binary" classname="BUILD">
			<properties>
				<property name="description" value="Link 3CHWMOCK binary"/>
				<property name="artifact" value="ARTIFACT/BLD005.LOG"/>
			</properties>
		</testcase>
		<testcase name="bld006: Assemble 3CSEED binary" classname="BUILD">
			<properties>
				<property name="description" value="Assemble 3CSEED binary"/>
				<property name="artifact" value="ARTIFACT/BLD006.LOG"/>
			</properties>
		</testcase>
		<testcase name="bld007: Link 3CSEED binary" classname="BUILD">
			<properties>
				<property name="description" value="Link 3CSEED binary"/>
				<property name="artifact" value="ARTIFACT/BLD007.LOG"/>
			</properties>
		</testcase>
	</testsuite>
</testsuites>
