<?xml version="1.0" encoding="utf-8"?>
<testsuites name="3CCFGCLI Test Results" tests="12" failures="1" errors="0" skipped="3" time="0.0">
	<testsuite name="HWCW_WRITE: Hardware Compliance Write checks for $(CARDNAME)" tests="12" errors="0" failures="1" skipped="3" time="0">
		<properties>
			<property name="header_id" value="HWCW00xx"/>
			<property name="description" value="Hardware Compliance Write checks for $(CARDNAME)"/>
		</properties>
		<testcase name="hwcw001: Reading 3C509-TP identity and capabilities" classname="HWCW_WRITE">
			<properties>
				<property name="description" value="Reading 3C509-TP identity and capabilities"/>
				<property name="artifact" value="ARTIFACT/HWCW001.LOG"/>
			</properties>
		</testcase>
		<testcase name="hwcw002: 3CCFGCLI /INT writer, fresh LIST readback" classname="HWCW_WRITE">
			<properties>
				<property name="description" value="3CCFGCLI /INT writer, fresh LIST readback"/>
				<property name="artifact" value="ARTIFACT/HWCW002.LOG"/>
			</properties>
		</testcase>
		<testcase name="hwcw003: 3CCFGCLI /IOBASE writer, fresh LIST readback" classname="HWCW_WRITE">
			<properties>
				<property name="description" value="3CCFGCLI /IOBASE writer, fresh LIST readback"/>
				<property name="artifact" value="ARTIFACT/HWCW003.LOG"/>
			</properties>
		</testcase>
		<testcase name="hwcw004: PNP support is not supported by 3C509-TP." classname="HWCW_WRITE">
			<properties>
				<property name="description" value="PNP support is not supported by 3C509-TP."/>
			</properties>
			<skipped message="NOT SUPPORTED"/>
		</testcase>
		<testcase name="hwcw005: 3CCFGCLI /MODEM writer, fresh LIST readback" classname="HWCW_WRITE">
			<properties>
				<property name="description" value="3CCFGCLI /MODEM writer, fresh LIST readback"/>
				<property name="artifact" value="ARTIFACT/HWCW005.LOG"/>
			</properties>
		</testcase>
		<testcase name="hwcw006: Full Duplex is not supported by 3C509-TP." classname="HWCW_WRITE">
			<properties>
				<property name="description" value="Full Duplex is not supported by 3C509-TP."/>
			</properties>
			<skipped message="NOT SUPPORTED"/>
		</testcase>
		<testcase name="hwcw007: 3CCFGCLI /OPTIMIZE writer, fresh LIST readback" classname="HWCW_WRITE">
			<properties>
				<property name="description" value="3CCFGCLI /OPTIMIZE writer, fresh LIST readback"/>
				<property name="artifact" value="ARTIFACT/HWCW007.LOG"/>
			</properties>
		</testcase>
		<testcase name="hwcw008: 3CCFGCLI /TR:AUI writer, fresh LIST readback" classname="HWCW_WRITE">
			<properties>
				<property name="description" value="3CCFGCLI /TR:AUI writer, fresh LIST readback"/>
				<property name="artifact" value="ARTIFACT/HWCW008.LOG"/>
			</properties>
		</testcase>
		<testcase name="hwcw009: Reading combined hardware state through SAVECONFIG" classname="HWCW_WRITE">
			<properties>
				<property name="description" value="Reading combined hardware state through SAVECONFIG"/>
				<property name="artifact" value="ARTIFACT/HWCW009.LOG"/>
			</properties>
		</testcase>
		<testcase name="hwcw010: 3CCFGCLI multi-property CONFIGURE transaction" classname="HWCW_WRITE">
			<properties>
				<property name="description" value="3CCFGCLI multi-property CONFIGURE transaction"/>
				<property name="artifact" value="ARTIFACT/HWCW010.LOG"/>
			</properties>
		</testcase>
		<testcase name="hwcw051: Boot ROM testing is currently disabled for 3C509-TP." classname="HWCW_WRITE">
			<properties>
				<property name="description" value="Boot ROM testing is currently disabled for 3C509-TP."/>
			</properties>
			<skipped message="DISABLED"/>
		</testcase>
		<testcase name="hwcs001: HWC SET verification: Verify 3C5X9CFG post HWC configuration dump" classname="HWCW_WRITE">
			<properties>
				<property name="description" value="HWC SET verification: Verify 3C5X9CFG post HWC configuration dump"/>
			</properties>
			<failure message="PASSED marker missing" type="assertion">hwcs001 is the first planned test without a PASSED marker.</failure>
		</testcase>
	</testsuite>
</testsuites>
