<?xml version="1.0" encoding="utf-8"?>
<testsuites name="3CCFGCLI Test Results" tests="11" failures="0" errors="0" skipped="1" time="0.0">
	<testsuite name="HWCR_READ: Hardware Compliance Read checks for 3C509B-TPCoax" tests="11" errors="0" failures="0" skipped="1" time="0">
		<properties>
			<property name="header_id" value="hwcr00xx"/>
			<property name="description" value="Hardware Compliance Read checks for 3C509B-TPCoax"/>
		</properties>
		<testcase name="hwcr001: Reading 3C509B-TPCoax identity and capabilities" classname="HWCR_READ">
			<properties>
				<property name="description" value="Reading 3C509B-TPCoax identity and capabilities"/>
				<property name="artifact" value="ARTIFACT/HWCR001.LOG"/>
			</properties>
		</testcase>
		<testcase name="hwcr002: 3C5X9CFG /INT writer, 3CCFGCLI LIST reader" classname="HWCR_READ">
			<properties>
				<property name="description" value="3C5X9CFG /INT writer, 3CCFGCLI LIST reader"/>
				<property name="artifact" value="ARTIFACT/HWCR002.LOG"/>
			</properties>
		</testcase>
		<testcase name="hwcr003: 3C5X9CFG /IOBASE writer, 3CCFGCLI LIST reader" classname="HWCR_READ">
			<properties>
				<property name="description" value="3C5X9CFG /IOBASE writer, 3CCFGCLI LIST reader"/>
				<property name="artifact" value="ARTIFACT/HWCR003.LOG"/>
			</properties>
		</testcase>
		<testcase name="hwcr004: 3C5X9CFG /PNP writer, 3CCFGCLI LIST reader" classname="HWCR_READ">
			<properties>
				<property name="description" value="3C5X9CFG /PNP writer, 3CCFGCLI LIST reader"/>
				<property name="artifact" value="ARTIFACT/HWCR004.LOG"/>
			</properties>
		</testcase>
		<testcase name="hwcr005: 3C5X9CFG /MODEM writer, 3CCFGCLI LIST reader" classname="HWCR_READ">
			<properties>
				<property name="description" value="3C5X9CFG /MODEM writer, 3CCFGCLI LIST reader"/>
				<property name="artifact" value="ARTIFACT/HWCR005.LOG"/>
			</properties>
		</testcase>
		<testcase name="hwcr006: 3C5X9CFG /FULLDUPLEX writer, 3CCFGCLI LIST reader" classname="HWCR_READ">
			<properties>
				<property name="description" value="3C5X9CFG /FULLDUPLEX writer, 3CCFGCLI LIST reader"/>
				<property name="artifact" value="ARTIFACT/HWCR006.LOG"/>
			</properties>
		</testcase>
		<testcase name="hwcr007: 3C5X9CFG /OPTIMIZE writer, 3CCFGCLI LIST reader" classname="HWCR_READ">
			<properties>
				<property name="description" value="3C5X9CFG /OPTIMIZE writer, 3CCFGCLI LIST reader"/>
				<property name="artifact" value="ARTIFACT/HWCR007.LOG"/>
			</properties>
		</testcase>
		<testcase name="hwcr008: 3C5X9CFG /TR:COAX writer, 3CCFGCLI LIST reader" classname="HWCR_READ">
			<properties>
				<property name="description" value="3C5X9CFG /TR:COAX writer, 3CCFGCLI LIST reader"/>
				<property name="artifact" value="ARTIFACT/HWCR008.LOG"/>
			</properties>
		</testcase>
		<testcase name="hwcr009: Reading combined hardware state through SAVECONFIG" classname="HWCR_READ">
			<properties>
				<property name="description" value="Reading combined hardware state through SAVECONFIG"/>
				<property name="artifact" value="ARTIFACT/HWCR009.LOG"/>
			</properties>
		</testcase>
		<testcase name="hwcr051: Boot ROM testing is currently disabled for 3C509B-TPCoax." classname="HWCR_READ">
			<properties>
				<property name="description" value="Boot ROM testing is currently disabled for 3C509B-TPCoax."/>
			</properties>
			<skipped message="DISABLED"/>
		</testcase>
		<testcase name="hwcs001: Verify 3C5X9CFG post HWC configuration dump" classname="HWCR_READ">
			<properties>
				<property name="description" value="Verify 3C5X9CFG post HWC configuration dump"/>
			</properties>
		</testcase>
	</testsuite>
</testsuites>
