<?xml version="1.0" encoding="utf-8"?>
<testsuites name="3CCFGCLI Test Results" tests="12" failures="0" errors="0" skipped="1" time="0.0">
	<testsuite name="HWCW_WRITE: Hardware Compliance Write checks for 3C509B-TPCoax" tests="12" errors="0" failures="0" skipped="1" time="0">
		<properties>
			<property name="header_id" value="hwcw00xx"/>
			<property name="description" value="Hardware Compliance Write checks for 3C509B-TPCoax"/>
		</properties>
		<testcase name="hwcw001: Reading 3C509B-TPCoax identity and capabilities" classname="HWCW_WRITE">
			<properties>
				<property name="description" value="Reading 3C509B-TPCoax identity and capabilities"/>
				<property name="artifact" value="ARTIFACT/HWCW001.LOG"/>
			</properties>
		</testcase>
		<testcase name="hwcw002: 3CCFGCLI /INT writer, 3CCFGCLI LIST reader" classname="HWCW_WRITE">
			<properties>
				<property name="description" value="3CCFGCLI /INT writer, 3CCFGCLI LIST reader"/>
				<property name="artifact" value="ARTIFACT/HWCW002.LOG"/>
			</properties>
		</testcase>
		<testcase name="hwcw003: 3CCFGCLI /IOBASE writer, 3CCFGCLI LIST reader" classname="HWCW_WRITE">
			<properties>
				<property name="description" value="3CCFGCLI /IOBASE writer, 3CCFGCLI LIST reader"/>
				<property name="artifact" value="ARTIFACT/HWCW003.LOG"/>
			</properties>
		</testcase>
		<testcase name="hwcw004: 3CCFGCLI /PNP writer, 3CCFGCLI LIST reader" classname="HWCW_WRITE">
			<properties>
				<property name="description" value="3CCFGCLI /PNP writer, 3CCFGCLI LIST reader"/>
				<property name="artifact" value="ARTIFACT/HWCW004.LOG"/>
			</properties>
		</testcase>
		<testcase name="hwcw005: 3CCFGCLI /MODEM writer, 3CCFGCLI LIST reader" classname="HWCW_WRITE">
			<properties>
				<property name="description" value="3CCFGCLI /MODEM writer, 3CCFGCLI LIST reader"/>
				<property name="artifact" value="ARTIFACT/HWCW005.LOG"/>
			</properties>
		</testcase>
		<testcase name="hwcw006: 3CCFGCLI /FULLDUPLEX writer, 3CCFGCLI LIST reader" classname="HWCW_WRITE">
			<properties>
				<property name="description" value="3CCFGCLI /FULLDUPLEX writer, 3CCFGCLI LIST reader"/>
				<property name="artifact" value="ARTIFACT/HWCW006.LOG"/>
			</properties>
		</testcase>
		<testcase name="hwcw007: 3CCFGCLI /OPTIMIZE writer, 3CCFGCLI LIST reader" classname="HWCW_WRITE">
			<properties>
				<property name="description" value="3CCFGCLI /OPTIMIZE writer, 3CCFGCLI LIST reader"/>
				<property name="artifact" value="ARTIFACT/HWCW007.LOG"/>
			</properties>
		</testcase>
		<testcase name="hwcw008: 3CCFGCLI /TR:COAX writer, 3CCFGCLI LIST reader" classname="HWCW_WRITE">
			<properties>
				<property name="description" value="3CCFGCLI /TR:COAX writer, 3CCFGCLI LIST reader"/>
				<property name="artifact" value="ARTIFACT/HWCW008.LOG"/>
			</properties>
		</testcase>
		<testcase name="hwcw009: Reading combined hardware state through SAVECONFIG" classname="HWCW_WRITE">
			<properties>
				<property name="description" value="Reading combined hardware state through SAVECONFIG"/>
				<property name="artifact" value="ARTIFACT/HWCW009.LOG"/>
			</properties>
		</testcase>
		<testcase name="hwcw010: 3CCFGCLI multi-property CONFIGURE transaction" classname="HWCW_WRITE">
			<properties>
				<property name="description" value="3CCFGCLI multi-property CONFIGURE transaction"/>
				<property name="artifact" value="ARTIFACT/HWCW010.LOG"/>
			</properties>
		</testcase>
		<testcase name="hwcw051: Boot ROM testing is currently disabled for 3C509B-TPCoax." classname="HWCW_WRITE">
			<properties>
				<property name="description" value="Boot ROM testing is currently disabled for 3C509B-TPCoax."/>
			</properties>
			<skipped message="DISABLED"/>
		</testcase>
		<testcase name="hwcs001: Verify 3C5X9CFG post HWC configuration dump" classname="HWCW_WRITE">
			<properties>
				<property name="description" value="Verify 3C5X9CFG post HWC configuration dump"/>
			</properties>
		</testcase>
	</testsuite>
</testsuites>
